cretified42/app/build/outputs/apk/manifest-merger-debug-report.txt
-- Merging decision tree log ---
manifest
ADDED from AndroidManifest.xml:17:1
	package
		ADDED from AndroidManifest.xml:18:5
		INJECTED from AndroidManifest.xml:0:0
		INJECTED from AndroidManifest.xml:0:0
	android:versionName
		ADDED from AndroidManifest.xml:20:5
	android:versionCode
		ADDED from AndroidManifest.xml:19:5
		INJECTED from AndroidManifest.xml:0:0
		INJECTED from AndroidManifest.xml:0:0
	xmlns:android
		ADDED from AndroidManifest.xml:17:11
	android:installLocation
		ADDED from AndroidManifest.xml:21:5
uses-sdk
ADDED from AndroidManifest.xml:23:5
	android:targetSdkVersion
		ADDED from AndroidManifest.xml:23:42
		INJECTED from AndroidManifest.xml:0:0
		INJECTED from AndroidManifest.xml:0:0
	android:minSdkVersion
		ADDED from AndroidManifest.xml:23:15
		INJECTED from AndroidManifest.xml:0:0
		INJECTED from AndroidManifest.xml:0:0
uses-permission#android.permission.READ_PHONE_STATE
ADDED from AndroidManifest.xml:24:5
	android:name
		ADDED from AndroidManifest.xml:24:22
uses-permission#android.permission.NFC
ADDED from AndroidManifest.xml:25:5
	android:required
		ADDED from AndroidManifest.xml:25:60
	android:name
		ADDED from AndroidManifest.xml:25:22
uses-feature#android.hardware.nfc
ADDED from AndroidManifest.xml:26:5
	android:required
		ADDED from AndroidManifest.xml:26:55
	android:name
		ADDED from AndroidManifest.xml:26:19
uses-permission#android.permission.INTERNET
ADDED from AndroidManifest.xml:27:5
	android:name
		ADDED from AndroidManifest.xml:27:22
application
ADDED from AndroidManifest.xml:29:5
	android:label
		ADDED from AndroidManifest.xml:32:9
	android:icon
		ADDED from AndroidManifest.xml:31:9
	android:theme
		ADDED from AndroidManifest.xml:30:9
activity#in.e42.c42.TagPage
ADDED from AndroidManifest.xml:33:9
	android:enabled
		ADDED from AndroidManifest.xml:38:13
	android:screenOrientation
		ADDED from AndroidManifest.xml:36:13
	android:label
		ADDED from AndroidManifest.xml:35:13
	android:launchMode
		ADDED from AndroidManifest.xml:39:13
	android:alwaysRetainTaskState
		ADDED from AndroidManifest.xml:37:13
	android:name
		ADDED from AndroidManifest.xml:34:13
intent-filter#android.intent.action.MAIN+android.intent.category.LAUNCHER
ADDED from AndroidManifest.xml:41:13
action#android.intent.action.MAIN
ADDED from AndroidManifest.xml:42:17
	android:name
		ADDED from AndroidManifest.xml:42:25
category#android.intent.category.LAUNCHER
ADDED from AndroidManifest.xml:43:17
	android:name
		ADDED from AndroidManifest.xml:43:27
intent-filter#android.intent.category.DEFAULT+android.nfc.action.TAG_DISCOVERED
ADDED from AndroidManifest.xml:45:13
action#android.nfc.action.TAG_DISCOVERED
ADDED from AndroidManifest.xml:46:17
	android:name
		ADDED from AndroidManifest.xml:46:25
category#android.intent.category.DEFAULT
ADDED from AndroidManifest.xml:47:17
	android:name
		ADDED from AndroidManifest.xml:47:27
activity#in.e42.c42.TagViewer
ADDED from AndroidManifest.xml:51:9
	android:screenOrientation
		ADDED from AndroidManifest.xml:56:13
	android:label
		ADDED from AndroidManifest.xml:55:13
	android:parentActivityName
		ADDED from AndroidManifest.xml:57:13
	android:icon
		ADDED from AndroidManifest.xml:54:13
	android:theme
		ADDED from AndroidManifest.xml:53:13
	android:name
		ADDED from AndroidManifest.xml:52:13
meta-data#android.support.PARENT_ACTIVITY
ADDED from AndroidManifest.xml:58:13
	android:value
		ADDED from AndroidManifest.xml:60:17
	android:name
		ADDED from AndroidManifest.xml:59:17
meta-data#android.app.default_searchable
ADDED from AndroidManifest.xml:61:13
	android:value
		ADDED from AndroidManifest.xml:63:17
	android:name
		ADDED from AndroidManifest.xml:62:17
activity#in.e42.c42.SearchResultsActivity
ADDED from AndroidManifest.xml:67:9
	android:screenOrientation
		ADDED from AndroidManifest.xml:68:13
	android:parentActivityName
		ADDED from AndroidManifest.xml:69:13
	android:name
		ADDED from AndroidManifest.xml:67:19
intent-filter#android.intent.action.SEARCH
ADDED from AndroidManifest.xml:70:13
action#android.intent.action.SEARCH
ADDED from AndroidManifest.xml:71:17
	android:name
		ADDED from AndroidManifest.xml:71:25
meta-data#android.app.searchable
ADDED from AndroidManifest.xml:74:13
	android:resource
		ADDED from AndroidManifest.xml:76:17
	android:name
		ADDED from AndroidManifest.xml:75:17